<?xml version="1.0" encoding="UTF-8"?>
<!-- Generated by org.testng.reporters.JUnitXMLReporter -->
<testsuite ignored="0" hostname="DESKTOP-98T0DOV" failures="1" tests="3" name="Test" time="0.217" errors="0" timestamp="2023-08-30T16:51:11 IST">
  <testcase classname="excelpackage.Runnerlistener" name="test1" time="0.028"/>
  <testcase classname="excelpackage.Runnerlistener" name="test2" time="0.01">
    <failure type="java.lang.AssertionError" message="null">
      <![CDATA[java.lang.AssertionError: null
at excelpackage.Runnerlistener.test2(Runnerlistener.java:17)
at java.base/java.util.ArrayList.forEach(ArrayList.java:1511)
... Removed 29 stack frames]]>
    </failure>
  </testcase> <!-- test2 -->
  <testcase classname="excelpackage.Runnerlistener" name="test3" time="0.001">
    <skipped/>
  </testcase> <!-- test3 -->
</testsuite> <!-- Test -->
